c:\users\jonathan\documents\visual studio 2013\projects\discconnectionsuite\dataaccess\debug\dataaccess.pch
c:\users\jonathan\documents\visual studio 2013\projects\discconnectionsuite\dataaccess\debug\vc120.pdb
c:\users\jonathan\documents\visual studio 2013\projects\discconnectionsuite\dataaccess\debug\stdafx.obj
c:\users\jonathan\documents\visual studio 2013\projects\discconnectionsuite\dataaccess\debug\dataaccess.obj
c:\users\jonathan\documents\visual studio 2013\projects\discconnectionsuite\dataaccess\debug\assemblyinfo.obj
c:\users\jonathan\documents\visual studio 2013\projects\discconnectionsuite\dataaccess\debug\.netframework,version=v4.5.assemblyattributes.obj
c:\users\jonathan\documents\visual studio 2013\projects\discconnectionsuite\debug\dataaccess.dll
c:\users\jonathan\documents\visual studio 2013\projects\discconnectionsuite\debug\dataaccess.pdb
c:\users\jonathan\documents\visual studio 2013\projects\discconnectionsuite\dataaccess\debug\app.res
c:\users\jonathan\documents\visual studio 2013\projects\discconnectionsuite\dataaccess\debug\dataaccess.tlog\cl.command.1.tlog
c:\users\jonathan\documents\visual studio 2013\projects\discconnectionsuite\dataaccess\debug\dataaccess.tlog\cl.read.1.tlog
c:\users\jonathan\documents\visual studio 2013\projects\discconnectionsuite\dataaccess\debug\dataaccess.tlog\cl.write.1.tlog
c:\users\jonathan\documents\visual studio 2013\projects\discconnectionsuite\dataaccess\debug\dataaccess.tlog\link.command.1.tlog
c:\users\jonathan\documents\visual studio 2013\projects\discconnectionsuite\dataaccess\debug\dataaccess.tlog\link.read.1.tlog
c:\users\jonathan\documents\visual studio 2013\projects\discconnectionsuite\dataaccess\debug\dataaccess.tlog\link.write.1.tlog
c:\users\jonathan\documents\visual studio 2013\projects\discconnectionsuite\dataaccess\debug\dataaccess.tlog\metagen.read.1.tlog
c:\users\jonathan\documents\visual studio 2013\projects\discconnectionsuite\dataaccess\debug\dataaccess.tlog\metagen.write.1.tlog
c:\users\jonathan\documents\visual studio 2013\projects\discconnectionsuite\dataaccess\debug\dataaccess.tlog\rc.command.1.tlog
c:\users\jonathan\documents\visual studio 2013\projects\discconnectionsuite\dataaccess\debug\dataaccess.tlog\rc.read.1.tlog
c:\users\jonathan\documents\visual studio 2013\projects\discconnectionsuite\dataaccess\debug\dataaccess.tlog\rc.write.1.tlog
c:\users\jonathan\documents\visual studio 2013\projects\discconnectionsuite\dataaccess\debug\dataaccess.tlog\rsaenh.dll.bi
c:\users\jonathan\documents\visual studio 2013\projects\discconnectionsuite\dataaccess\debug\dataaccess.tlog\tzres.dll.bi
